app/build/intermediates/manifest_merge_blame_file/debug/manifest-merger-blame-debug-report.txt
1<?xml version="1.0" encoding="utf-8"?>
2<manifest xmlns:android="http://schemas.android.com/apk/res/android"
3    package="step.android.taxi"
4    android:versionCode="1"
5    android:versionName="1.0" >
6
7    <uses-sdk
8        android:minSdkVersion="23"
8-->src/main/AndroidManifest.xml
9        android:targetSdkVersion="31" />
9-->src/main/AndroidManifest.xml
10    <!--
11         The ACCESS_COARSE/FINE_LOCATION permissions are not required to use
12         Google Maps Android API v2, but you must specify either coarse or fine
13         location permissions for the "MyLocation" functionality.
14    -->
15    <!--
16         The ACCESS_COARSE/FINE_LOCATION permissions are not required to use
17         Google Maps Android API v2, but you must specify either coarse or fine
18         location permissions for the "MyLocation" functionality.
19    -->
20    <uses-permission android:name="android.permission.INTERNET" />
20-->src/main/AndroidManifest.xml:14:5-67
20-->src/main/AndroidManifest.xml:14:22-64
21    <uses-permission android:name="android.permission.ACCESS_NETWORK_STATE" />
21-->src/main/AndroidManifest.xml:15:5-79
21-->src/main/AndroidManifest.xml:15:22-76
22    <uses-permission android:name="android.permission.WRITE_EXTERNAL_STORAGE" />
22-->src/main/AndroidManifest.xml:16:5-81
22-->src/main/AndroidManifest.xml:16:22-78
23    <uses-permission android:name="android.permission.ACCESS_FINE_LOCATION" />
23-->src/main/AndroidManifest.xml:17:5-79
23-->src/main/AndroidManifest.xml:17:22-76
24    <uses-permission android:name="android.permission.ACCESS_COARSE_LOCATION" />
24-->src/main/AndroidManifest.xml:18:5-81
24-->src/main/AndroidManifest.xml:18:22-78
25    <uses-permission android:name="com.google.android.providers.gsf.permission.READ_GSERVICES" />
25-->src/main/AndroidManifest.xml:19:5-98
25-->src/main/AndroidManifest.xml:19:22-95
26    <uses-permission android:name="android.permission.ACCESS_WIFI_STATE" />
26-->[com.google.android.libraries.places:places:2.6.0] AndroidManifest.xml:10:5-76
26-->[com.google.android.libraries.places:places:2.6.0] AndroidManifest.xml:10:22-73
27
28    <uses-feature
28-->[com.google.android.gms:play-services-maps:18.0.2] AndroidManifest.xml:26:5-28:35
29        android:glEsVersion="0x00020000"
29-->[com.google.android.gms:play-services-maps:18.0.2] AndroidManifest.xml:27:9-41
30        android:required="true" />
30-->[com.google.android.gms:play-services-maps:18.0.2] AndroidManifest.xml:28:9-32
31
32    <queries>
32-->[com.google.android.gms:play-services-maps:18.0.2] AndroidManifest.xml:30:5-34:15
33
34        <!-- Needs to be explicitly declared on Android R+ -->
35        <package android:name="com.google.android.apps.maps" />
35-->[com.google.android.gms:play-services-maps:18.0.2] AndroidManifest.xml:33:9-64
35-->[com.google.android.gms:play-services-maps:18.0.2] AndroidManifest.xml:33:18-61
36    </queries>
37
38    <application
38-->src/main/AndroidManifest.xml:21:5-64:19
39        android:allowBackup="true"
39-->src/main/AndroidManifest.xml:22:9-35
40        android:appComponentFactory="androidx.core.app.CoreComponentFactory"
40-->[androidx.core:core:1.7.0] AndroidManifest.xml:24:18-86
41        android:debuggable="true"
42        android:extractNativeLibs="false"
43        android:hardwareAccelerated="true"
43-->src/main/AndroidManifest.xml:23:9-43
44        android:icon="@mipmap/ic_launcher"
44-->src/main/AndroidManifest.xml:24:9-43
45        android:label="@string/app_name"
45-->src/main/AndroidManifest.xml:25:9-41
46        android:roundIcon="@mipmap/ic_launcher_round"
46-->src/main/AndroidManifest.xml:26:9-54
47        android:supportsRtl="true"
47-->src/main/AndroidManifest.xml:27:9-35
48        android:testOnly="true"
49        android:theme="@style/Theme.Taxi"
49-->src/main/AndroidManifest.xml:28:9-42
50        android:usesCleartextTraffic="true" >
50-->src/main/AndroidManifest.xml:29:9-44
51
52        <!--
53             The API key for Google Maps-based APIs is defined as a string resource.
54             (See the file "res/values/google_maps_api.xml").
55             Note that the API key is linked to the encryption key used to sign the APK.
56             You need a different API key for each encryption key, including the release key that is used to
57             sign the APK for publishing.
58             You can define the keys for the debug and release targets in src/debug/ and src/release/.
59        -->
60        <meta-data
60-->src/main/AndroidManifest.xml:38:9-40:55
61            android:name="com.google.android.geo.API_KEY"
61-->src/main/AndroidManifest.xml:39:13-58
62            android:value="@string/google_maps_key" />
62-->src/main/AndroidManifest.xml:40:13-52
63
64        <activity
64-->src/main/AndroidManifest.xml:42:9-45:59
65            android:name="step.android.taxi.MapsActivity"
65-->src/main/AndroidManifest.xml:43:13-41
66            android:exported="false"
66-->src/main/AndroidManifest.xml:44:13-37
67            android:label="@string/title_activity_maps" />
67-->src/main/AndroidManifest.xml:45:13-56
68        <activity
68-->src/main/AndroidManifest.xml:46:9-48:40
69            android:name="step.android.taxi.LoginActivity"
69-->src/main/AndroidManifest.xml:47:13-42
70            android:exported="false" />
70-->src/main/AndroidManifest.xml:48:13-37
71        <activity
71-->src/main/AndroidManifest.xml:49:9-51:40
72            android:name="step.android.taxi.LoginOrRegister"
72-->src/main/AndroidManifest.xml:50:13-44
73            android:exported="false" />
73-->src/main/AndroidManifest.xml:51:13-37
74        <activity
74-->src/main/AndroidManifest.xml:52:9-60:20
75            android:name="step.android.taxi.StartScreen"
75-->src/main/AndroidManifest.xml:53:13-40
76            android:exported="true" >
76-->src/main/AndroidManifest.xml:54:13-36
77            <intent-filter>
77-->src/main/AndroidManifest.xml:55:13-59:29
78                <action android:name="android.intent.action.MAIN" />
78-->src/main/AndroidManifest.xml:56:17-69
78-->src/main/AndroidManifest.xml:56:25-66
79
80                <category android:name="android.intent.category.LAUNCHER" />
80-->src/main/AndroidManifest.xml:58:17-77
80-->src/main/AndroidManifest.xml:58:27-74
81            </intent-filter>
82        </activity>
83        <activity
83-->src/main/AndroidManifest.xml:61:9-63:39
84            android:name="step.android.taxi.RegisterActivity"
84-->src/main/AndroidManifest.xml:62:13-45
85            android:exported="true" />
85-->src/main/AndroidManifest.xml:63:13-36
86        <activity
86-->[com.google.android.libraries.places:places:2.6.0] AndroidManifest.xml:14:9-20:20
87            android:name="com.google.android.libraries.places.widget.AutocompleteActivity"
87-->[com.google.android.libraries.places:places:2.6.0] AndroidManifest.xml:15:13-91
88            android:exported="false"
88-->[com.google.android.libraries.places:places:2.6.0] AndroidManifest.xml:16:13-37
89            android:label="@string/places_autocomplete_label"
89-->[com.google.android.libraries.places:places:2.6.0] AndroidManifest.xml:17:13-62
90            android:theme="@style/PlacesAutocompleteOverlay"
90-->[com.google.android.libraries.places:places:2.6.0] AndroidManifest.xml:18:13-61
91            android:windowSoftInputMode="adjustResize" >
91-->[com.google.android.libraries.places:places:2.6.0] AndroidManifest.xml:19:13-55
92        </activity> <!-- Needs to be explicitly declared on P+ -->
93        <uses-library
93-->[com.google.android.gms:play-services-maps:18.0.2] AndroidManifest.xml:39:9-41:40
94            android:name="org.apache.http.legacy"
94-->[com.google.android.gms:play-services-maps:18.0.2] AndroidManifest.xml:40:13-50
95            android:required="false" />
95-->[com.google.android.gms:play-services-maps:18.0.2] AndroidManifest.xml:41:13-37
96
97        <activity
97-->[com.google.android.gms:play-services-base:18.0.1] AndroidManifest.xml:20:9-22:45
98            android:name="com.google.android.gms.common.api.GoogleApiActivity"
98-->[com.google.android.gms:play-services-base:18.0.1] AndroidManifest.xml:20:19-85
99            android:exported="false"
99-->[com.google.android.gms:play-services-base:18.0.1] AndroidManifest.xml:22:19-43
100            android:theme="@android:style/Theme.Translucent.NoTitleBar" />
100-->[com.google.android.gms:play-services-base:18.0.1] AndroidManifest.xml:21:19-78
101
102        <meta-data
102-->[com.google.android.gms:play-services-basement:18.0.0] AndroidManifest.xml:21:9-23:69
103            android:name="com.google.android.gms.version"
103-->[com.google.android.gms:play-services-basement:18.0.0] AndroidManifest.xml:22:13-58
104            android:value="@integer/google_play_services_version" />
104-->[com.google.android.gms:play-services-basement:18.0.0] AndroidManifest.xml:23:13-66
105
106        <provider
106-->[androidx.emoji2:emoji2:1.0.0] AndroidManifest.xml:26:9-34:20
107            android:name="androidx.startup.InitializationProvider"
107-->[androidx.emoji2:emoji2:1.0.0] AndroidManifest.xml:27:13-67
108            android:authorities="step.android.taxi.androidx-startup"
108-->[androidx.emoji2:emoji2:1.0.0] AndroidManifest.xml:28:13-68
109            android:exported="false" >
109-->[androidx.emoji2:emoji2:1.0.0] AndroidManifest.xml:29:13-37
110            <meta-data
110-->[androidx.emoji2:emoji2:1.0.0] AndroidManifest.xml:31:13-33:52
111                android:name="androidx.emoji2.text.EmojiCompatInitializer"
111-->[androidx.emoji2:emoji2:1.0.0] AndroidManifest.xml:32:17-75
112                android:value="androidx.startup" />
112-->[androidx.emoji2:emoji2:1.0.0] AndroidManifest.xml:33:17-49
113            <meta-data
113-->[androidx.lifecycle:lifecycle-process:2.4.0] AndroidManifest.xml:31:13-33:52
114                android:name="androidx.lifecycle.ProcessLifecycleInitializer"
114-->[androidx.lifecycle:lifecycle-process:2.4.0] AndroidManifest.xml:32:17-78
115                android:value="androidx.startup" />
115-->[androidx.lifecycle:lifecycle-process:2.4.0] AndroidManifest.xml:33:17-49
116        </provider>
117
118        <service
118-->[com.google.android.datatransport:transport-backend-cct:2.3.0] AndroidManifest.xml:29:9-35:19
119            android:name="com.google.android.datatransport.runtime.backends.TransportBackendDiscovery"
119-->[com.google.android.datatransport:transport-backend-cct:2.3.0] AndroidManifest.xml:30:13-103
120            android:exported="false" >
120-->[com.google.android.datatransport:transport-backend-cct:2.3.0] AndroidManifest.xml:31:13-37
121            <meta-data
121-->[com.google.android.datatransport:transport-backend-cct:2.3.0] AndroidManifest.xml:32:13-34:39
122                android:name="backend:com.google.android.datatransport.cct.CctBackendFactory"
122-->[com.google.android.datatransport:transport-backend-cct:2.3.0] AndroidManifest.xml:33:17-94
123                android:value="cct" />
123-->[com.google.android.datatransport:transport-backend-cct:2.3.0] AndroidManifest.xml:34:17-36
124        </service>
125        <service
125-->[com.google.android.datatransport:transport-runtime:2.2.3] AndroidManifest.xml:26:9-30:19
126            android:name="com.google.android.datatransport.runtime.scheduling.jobscheduling.JobInfoSchedulerService"
126-->[com.google.android.datatransport:transport-runtime:2.2.3] AndroidManifest.xml:27:13-117
127            android:exported="false"
127-->[com.google.android.datatransport:transport-runtime:2.2.3] AndroidManifest.xml:28:13-37
128            android:permission="android.permission.BIND_JOB_SERVICE" >
128-->[com.google.android.datatransport:transport-runtime:2.2.3] AndroidManifest.xml:29:13-69
129        </service>
130
131        <receiver
131-->[com.google.android.datatransport:transport-runtime:2.2.3] AndroidManifest.xml:32:9-34:40
132            android:name="com.google.android.datatransport.runtime.scheduling.jobscheduling.AlarmManagerSchedulerBroadcastReceiver"
132-->[com.google.android.datatransport:transport-runtime:2.2.3] AndroidManifest.xml:33:13-132
133            android:exported="false" />
133-->[com.google.android.datatransport:transport-runtime:2.2.3] AndroidManifest.xml:34:13-37
134    </application>
135
136</manifest>